# JRE version: Java(TM) SE Runtime Environment (23.0.2+7) (build 23.0.2+7-58)
# Java VM: Java HotSpot(TM) 64-Bit Server VM (23.0.2+7-58, mixed mode, sharing, tiered, compressed oops, compressed class ptrs, g1 gc, windows-amd64)
GC Precious Log:
 CardTable entry size: 512
 Card Set container configuration: InlinePtr #cards 5 size 8 Array Of Cards #cards 10 size 36 Howl #buckets 4 coarsen threshold 1843 Howl Bitmap #cards 512 size 80 coarsen threshold 460 Card regions per heap region 1 cards per card region 2048
 CPUs: 4 total, 4 available
 Memory: 3895M
 Large Page Support: Disabled
 NUMA Support: Disabled
 Compressed Oops: Enabled (32-bit)
 Heap Region Size: 1M
 Heap Min Capacity: 8M
 Heap Initial Capacity: 62M
 Heap Max Capacity: 2G
 Pre-touch: Disabled
 Parallel Workers: 4
 Concurrent Workers: 1
 Concurrent Refinement Workers: 4
 Periodic GC: Disabled
Heap:
 garbage-first heap   total reserved 2097152K, committed 225280K, used 151815K [0x0000000080000000, 0x0000000100000000)
  region size 1024K, 5 young (5120K), 5 survivors (5120K)
 Metaspace       used 107002K, committed 109632K, reserved 557056K
  class space    used 15463K, committed 16704K, reserved 425984K
GC Heap History (20 events):
Event: 239.715 GC heap after
{Heap after GC invocations=62 (full 0):
 garbage-first heap   total reserved 2097152K, committed 186368K, used 123023K [0x0000000080000000, 0x0000000100000000)
  region size 1024K, 4 young (4096K), 4 survivors (4096K)
 Metaspace       used 88952K, committed 91328K, reserved 557056K
  class space    used 12765K, committed 13888K, reserved 425984K
}
Event: 244.525 GC heap before
{Heap before GC invocations=63 (full 0):
 garbage-first heap   total reserved 2097152K, committed 215040K, used 175247K [0x0000000080000000, 0x0000000100000000)
  region size 1024K, 50 young (51200K), 4 survivors (4096K)
 Metaspace       used 91060K, committed 93440K, reserved 557056K
  class space    used 13069K, committed 14208K, reserved 425984K
}
Event: 244.581 GC heap after
{Heap after GC invocations=64 (full 0):
 garbage-first heap   total reserved 2097152K, committed 215040K, used 127586K [0x0000000080000000, 0x0000000100000000)
  region size 1024K, 7 young (7168K), 7 survivors (7168K)
 Metaspace       used 91060K, committed 93440K, reserved 557056K
  class space    used 13069K, committed 14208K, reserved 425984K
}
Event: 255.786 GC heap before
{Heap before GC invocations=64 (full 0):
 garbage-first heap   total reserved 2097152K, committed 215040K, used 184930K [0x0000000080000000, 0x0000000100000000)
  region size 1024K, 61 young (62464K), 7 survivors (7168K)
 Metaspace       used 94441K, committed 96832K, reserved 557056K
  class space    used 13529K, committed 14656K, reserved 425984K
}
Event: 255.927 GC heap after
{Heap after GC invocations=65 (full 0):
 garbage-first heap   total reserved 2097152K, committed 215040K, used 131040K [0x0000000080000000, 0x0000000100000000)
  region size 1024K, 3 young (3072K), 3 survivors (3072K)
 Metaspace       used 94441K, committed 96832K, reserved 557056K
  class space    used 13529K, committed 14656K, reserved 425984K
}
Event: 271.788 GC heap before
{Heap before GC invocations=65 (full 0):
 garbage-first heap   total reserved 2097152K, committed 215040K, used 188384K [0x0000000080000000, 0x0000000100000000)
  region size 1024K, 59 young (60416K), 3 survivors (3072K)
 Metaspace       used 96225K, committed 98560K, reserved 557056K
  class space    used 13802K, committed 14912K, reserved 425984K
}
Event: 271.875 GC heap after
{Heap after GC invocations=66 (full 0):
 garbage-first heap   total reserved 2097152K, committed 215040K, used 133730K [0x0000000080000000, 0x0000000100000000)
  region size 1024K, 6 young (6144K), 6 survivors (6144K)
 Metaspace       used 96225K, committed 98560K, reserved 557056K
  class space    used 13802K, committed 14912K, reserved 425984K
}
Event: 302.169 GC heap before
{Heap before GC invocations=67 (full 0):
 garbage-first heap   total reserved 2097152K, committed 225280K, used 192098K [0x0000000080000000, 0x0000000100000000)
  region size 1024K, 63 young (64512K), 6 survivors (6144K)
 Metaspace       used 98278K, committed 100736K, reserved 557056K
  class space    used 14111K, committed 15296K, reserved 425984K
}
Event: 302.815 GC heap after
{Heap after GC invocations=68 (full 0):
 garbage-first heap   total reserved 2097152K, committed 225280K, used 137377K [0x0000000080000000, 0x0000000100000000)
  region size 1024K, 7 young (7168K), 7 survivors (7168K)
 Metaspace       used 98278K, committed 100736K, reserved 557056K
  class space    used 14111K, committed 15296K, reserved 425984K
}
Event: 303.081 GC heap before
{Heap before GC invocations=68 (full 0):
 garbage-first heap   total reserved 2097152K, committed 225280K, used 141473K [0x0000000080000000, 0x0000000100000000)
  region size 1024K, 11 young (11264K), 7 survivors (7168K)
 Metaspace       used 98499K, committed 100928K, reserved 557056K
  class space    used 14147K, committed 15296K, reserved 425984K
}
Event: 303.134 GC heap after
{Heap after GC invocations=69 (full 0):
 garbage-first heap   total reserved 2097152K, committed 225280K, used 137923K [0x0000000080000000, 0x0000000100000000)
  region size 1024K, 1 young (1024K), 1 survivors (1024K)
 Metaspace       used 98499K, committed 100928K, reserved 557056K
  class space    used 14147K, committed 15296K, reserved 425984K
}
Event: 317.910 GC heap before
{Heap before GC invocations=69 (full 0):
 garbage-first heap   total reserved 2097152K, committed 225280K, used 188099K [0x0000000080000000, 0x0000000100000000)
  region size 1024K, 50 young (51200K), 1 survivors (1024K)
 Metaspace       used 101252K, committed 103680K, reserved 557056K
  class space    used 14655K, committed 15808K, reserved 425984K
}
Event: 317.959 GC heap after
{Heap after GC invocations=70 (full 0):
 garbage-first heap   total reserved 2097152K, committed 225280K, used 138520K [0x0000000080000000, 0x0000000100000000)
  region size 1024K, 2 young (2048K), 2 survivors (2048K)
 Metaspace       used 101252K, committed 103680K, reserved 557056K
  class space    used 14655K, committed 15808K, reserved 425984K
}
Event: 327.652 GC heap before
{Heap before GC invocations=70 (full 0):
 garbage-first heap   total reserved 2097152K, committed 225280K, used 197912K [0x0000000080000000, 0x0000000100000000)
  region size 1024K, 60 young (61440K), 2 survivors (2048K)
 Metaspace       used 104711K, committed 107264K, reserved 557056K
  class space    used 15165K, committed 16384K, reserved 425984K
}
Event: 327.781 GC heap after
{Heap after GC invocations=71 (full 0):
 garbage-first heap   total reserved 2097152K, committed 225280K, used 140346K [0x0000000080000000, 0x0000000100000000)
  region size 1024K, 4 young (4096K), 4 survivors (4096K)
 Metaspace       used 104711K, committed 107264K, reserved 557056K
  class space    used 15165K, committed 16384K, reserved 425984K
}
Event: 367.140 GC heap before
{Heap before GC invocations=71 (full 0):
 garbage-first heap   total reserved 2097152K, committed 225280K, used 197690K [0x0000000080000000, 0x0000000100000000)
  region size 1024K, 60 young (61440K), 4 survivors (4096K)
 Metaspace       used 106853K, committed 109504K, reserved 557056K
  class space    used 15460K, committed 16704K, reserved 425984K
}
Event: 367.290 GC heap after
{Heap after GC invocations=72 (full 0):
 garbage-first heap   total reserved 2097152K, committed 225280K, used 145078K [0x0000000080000000, 0x0000000100000000)
  region size 1024K, 8 young (8192K), 8 survivors (8192K)
 Metaspace       used 106853K, committed 109504K, reserved 557056K
  class space    used 15460K, committed 16704K, reserved 425984K
}
Event: 371.109 GC heap before
{Heap before GC invocations=72 (full 0):
 garbage-first heap   total reserved 2097152K, committed 225280K, used 169654K [0x0000000080000000, 0x0000000100000000)
  region size 1024K, 33 young (33792K), 8 survivors (8192K)
 Metaspace       used 106996K, committed 109632K, reserved 557056K
  class space    used 15463K, committed 16704K, reserved 425984K
}
Event: 371.184 GC heap after
{Heap after GC invocations=73 (full 0):
 garbage-first heap   total reserved 2097152K, committed 225280K, used 149666K [0x0000000080000000, 0x0000000100000000)
  region size 1024K, 5 young (5120K), 5 survivors (5120K)
 Metaspace       used 106996K, committed 109632K, reserved 557056K
  class space    used 15463K, committed 16704K, reserved 425984K
}
Event: 373.079 GC heap before
{Heap before GC invocations=73 (full 0):
 garbage-first heap   total reserved 2097152K, committed 225280K, used 207010K [0x0000000080000000, 0x0000000100000000)
  region size 1024K, 62 young (63488K), 5 survivors (5120K)
 Metaspace       used 107002K, committed 109632K, reserved 557056K
  class space    used 15463K, committed 16704K, reserved 425984K
}

