# JRE version: Java(TM) SE Runtime Environment (23.0.2+7) (build 23.0.2+7-58)
# Java VM: Java HotSpot(TM) 64-Bit Server VM (23.0.2+7-58, mixed mode, sharing, tiered, compressed oops, compressed class ptrs, g1 gc, windows-amd64)
GC Precious Log:
 CardTable entry size: 512
 Card Set container configuration: InlinePtr #cards 5 size 8 Array Of Cards #cards 10 size 36 Howl #buckets 4 coarsen threshold 1843 Howl Bitmap #cards 512 size 80 coarsen threshold 460 Card regions per heap region 1 cards per card region 2048
 CPUs: 4 total, 4 available
 Memory: 3895M
 Large Page Support: Disabled
 NUMA Support: Disabled
 Compressed Oops: Enabled (32-bit)
 Heap Region Size: 1M
 Heap Min Capacity: 8M
 Heap Initial Capacity: 62M
 Heap Max Capacity: 2G
 Pre-touch: Disabled
 Parallel Workers: 4
 Concurrent Workers: 1
 Concurrent Refinement Workers: 4
 Periodic GC: Disabled
Heap:
 garbage-first heap   total reserved 2097152K, committed 234496K, used 147992K [0x0000000080000000, 0x0000000100000000)
  region size 1024K, 12 young (12288K), 1 survivors (1024K)
 Metaspace       used 100284K, committed 102720K, reserved 557056K
  class space    used 14448K, committed 15616K, reserved 425984K
GC Heap History (20 events):
Event: 113.888 GC heap before
{Heap before GC invocations=54 (full 0):
 garbage-first heap   total reserved 2097152K, committed 189440K, used 165388K [0x0000000080000000, 0x0000000100000000)
  region size 1024K, 55 young (56320K), 4 survivors (4096K)
 Metaspace       used 82911K, committed 85312K, reserved 557056K
  class space    used 12069K, committed 13184K, reserved 425984K
}
Event: 113.924 GC heap after
{Heap after GC invocations=55 (full 0):
 garbage-first heap   total reserved 2097152K, committed 189440K, used 112559K [0x0000000080000000, 0x0000000100000000)
  region size 1024K, 4 young (4096K), 4 survivors (4096K)
 Metaspace       used 82911K, committed 85312K, reserved 557056K
  class space    used 12069K, committed 13184K, reserved 425984K
}
Event: 115.103 GC heap before
{Heap before GC invocations=55 (full 0):
 garbage-first heap   total reserved 2097152K, committed 189440K, used 163759K [0x0000000080000000, 0x0000000100000000)
  region size 1024K, 55 young (56320K), 4 survivors (4096K)
 Metaspace       used 82920K, committed 85312K, reserved 557056K
  class space    used 12069K, committed 13184K, reserved 425984K
}
Event: 115.122 GC heap after
{Heap after GC invocations=56 (full 0):
 garbage-first heap   total reserved 2097152K, committed 189440K, used 113984K [0x0000000080000000, 0x0000000100000000)
  region size 1024K, 5 young (5120K), 5 survivors (5120K)
 Metaspace       used 82920K, committed 85312K, reserved 557056K
  class space    used 12069K, committed 13184K, reserved 425984K
}
Event: 127.623 GC heap before
{Heap before GC invocations=57 (full 0):
 garbage-first heap   total reserved 2097152K, committed 191488K, used 174400K [0x0000000080000000, 0x0000000100000000)
  region size 1024K, 58 young (59392K), 5 survivors (5120K)
 Metaspace       used 85883K, committed 88256K, reserved 557056K
  class space    used 12408K, committed 13504K, reserved 425984K
}
Event: 127.777 GC heap after
{Heap after GC invocations=58 (full 0):
 garbage-first heap   total reserved 2097152K, committed 191488K, used 124135K [0x0000000080000000, 0x0000000100000000)
  region size 1024K, 8 young (8192K), 8 survivors (8192K)
 Metaspace       used 85883K, committed 88256K, reserved 557056K
  class space    used 12408K, committed 13504K, reserved 425984K
}
Event: 134.172 GC heap before
{Heap before GC invocations=58 (full 0):
 garbage-first heap   total reserved 2097152K, committed 191488K, used 177383K [0x0000000080000000, 0x0000000100000000)
  region size 1024K, 55 young (56320K), 8 survivors (8192K)
 Metaspace       used 89331K, committed 91712K, reserved 557056K
  class space    used 12829K, committed 13952K, reserved 425984K
}
Event: 134.298 GC heap after
{Heap after GC invocations=59 (full 0):
 garbage-first heap   total reserved 2097152K, committed 192512K, used 127824K [0x0000000080000000, 0x0000000100000000)
  region size 1024K, 5 young (5120K), 5 survivors (5120K)
 Metaspace       used 89331K, committed 91712K, reserved 557056K
  class space    used 12829K, committed 13952K, reserved 425984K
}
Event: 138.991 GC heap before
{Heap before GC invocations=59 (full 0):
 garbage-first heap   total reserved 2097152K, committed 192512K, used 175952K [0x0000000080000000, 0x0000000100000000)
  region size 1024K, 52 young (53248K), 5 survivors (5120K)
 Metaspace       used 92304K, committed 94720K, reserved 557056K
  class space    used 13214K, committed 14336K, reserved 425984K
}
Event: 139.037 GC heap after
{Heap after GC invocations=60 (full 0):
 garbage-first heap   total reserved 2097152K, committed 192512K, used 130181K [0x0000000080000000, 0x0000000100000000)
  region size 1024K, 3 young (3072K), 3 survivors (3072K)
 Metaspace       used 92304K, committed 94720K, reserved 557056K
  class space    used 13214K, committed 14336K, reserved 425984K
}
Event: 147.245 GC heap before
{Heap before GC invocations=61 (full 0):
 garbage-first heap   total reserved 2097152K, committed 219136K, used 178309K [0x0000000080000000, 0x0000000100000000)
  region size 1024K, 48 young (49152K), 3 survivors (3072K)
 Metaspace       used 95040K, committed 97408K, reserved 557056K
  class space    used 13612K, committed 14720K, reserved 425984K
}
Event: 147.307 GC heap after
{Heap after GC invocations=62 (full 0):
 garbage-first heap   total reserved 2097152K, committed 219136K, used 133472K [0x0000000080000000, 0x0000000100000000)
  region size 1024K, 4 young (4096K), 4 survivors (4096K)
 Metaspace       used 95040K, committed 97408K, reserved 557056K
  class space    used 13612K, committed 14720K, reserved 425984K
}
Event: 172.967 GC heap before
{Heap before GC invocations=62 (full 0):
 garbage-first heap   total reserved 2097152K, committed 219136K, used 196960K [0x0000000080000000, 0x0000000100000000)
  region size 1024K, 66 young (67584K), 4 survivors (4096K)
 Metaspace       used 96411K, committed 98880K, reserved 557056K
  class space    used 13827K, committed 14976K, reserved 425984K
}
Event: 173.144 GC heap after
{Heap after GC invocations=63 (full 0):
 garbage-first heap   total reserved 2097152K, committed 219136K, used 135915K [0x0000000080000000, 0x0000000100000000)
  region size 1024K, 8 young (8192K), 8 survivors (8192K)
 Metaspace       used 96411K, committed 98880K, reserved 557056K
  class space    used 13827K, committed 14976K, reserved 425984K
}
Event: 173.306 GC heap before
{Heap before GC invocations=63 (full 0):
 garbage-first heap   total reserved 2097152K, committed 219136K, used 137963K [0x0000000080000000, 0x0000000100000000)
  region size 1024K, 10 young (10240K), 8 survivors (8192K)
 Metaspace       used 96423K, committed 98880K, reserved 557056K
  class space    used 13828K, committed 14976K, reserved 425984K
}
Event: 173.590 GC heap after
{Heap after GC invocations=64 (full 0):
 garbage-first heap   total reserved 2097152K, committed 219136K, used 136492K [0x0000000080000000, 0x0000000100000000)
  region size 1024K, 1 young (1024K), 1 survivors (1024K)
 Metaspace       used 96423K, committed 98880K, reserved 557056K
  class space    used 13828K, committed 14976K, reserved 425984K
}
Event: 194.162 GC heap before
{Heap before GC invocations=64 (full 0):
 garbage-first heap   total reserved 2097152K, committed 219136K, used 188716K [0x0000000080000000, 0x0000000100000000)
  region size 1024K, 54 young (55296K), 1 survivors (1024K)
 Metaspace       used 99035K, committed 101504K, reserved 557056K
  class space    used 14224K, committed 15424K, reserved 425984K
}
Event: 194.603 GC heap after
{Heap after GC invocations=65 (full 0):
 garbage-first heap   total reserved 2097152K, committed 219136K, used 138540K [0x0000000080000000, 0x0000000100000000)
  region size 1024K, 3 young (3072K), 3 survivors (3072K)
 Metaspace       used 99035K, committed 101504K, reserved 557056K
  class space    used 14224K, committed 15424K, reserved 425984K
}
Event: 200.619 GC heap before
{Heap before GC invocations=66 (full 0):
 garbage-first heap   total reserved 2097152K, committed 234496K, used 153900K [0x0000000080000000, 0x0000000100000000)
  region size 1024K, 17 young (17408K), 3 survivors (3072K)
 Metaspace       used 99700K, committed 102144K, reserved 557056K
  class space    used 14322K, committed 15488K, reserved 425984K
}
Event: 200.670 GC heap after
{Heap after GC invocations=67 (full 0):
 garbage-first heap   total reserved 2097152K, committed 234496K, used 138776K [0x0000000080000000, 0x0000000100000000)
  region size 1024K, 1 young (1024K), 1 survivors (1024K)
 Metaspace       used 99700K, committed 102144K, reserved 557056K
  class space    used 14322K, committed 15488K, reserved 425984K
}

